[firebase-emulators] project=splitex-local import=/Users/vkarkhanis/workspace/Splitex/splitex-rush/.firebase/emulator-data
(node:73445) [DEP0040] DeprecationWarning: The `punycode` module is deprecated. Please use a userland alternative instead.
(Use `node --trace-deprecation ...` to show where the warning was created)
âš   emulators: You are not currently authenticated so some features may not work correctly. Please run firebase login to authenticate the CLI.
i  emulators: Starting emulators: auth, firestore, storage
i  firestore: Importing data from /Users/vkarkhanis/workspace/Splitex/splitex-rush/.firebase/emulator-data/firestore_export/firestore_export.overall_export_metadata
i  firestore: Firestore Emulator logging to firestore-debug.log
âœ”  firestore: Firestore Emulator UI websocket is running on 9150.
(node:73445) [DEP0169] DeprecationWarning: `url.parse()` behavior is not standardized and prone to errors that have security implications. Use the WHATWG URL API instead. CVEs are not issued for `url.parse()` vulnerabilities.
i  auth: Importing config from /Users/vkarkhanis/workspace/Splitex/splitex-rush/.firebase/emulator-data/auth_export/config.json
i  auth: Importing accounts from /Users/vkarkhanis/workspace/Splitex/splitex-rush/.firebase/emulator-data/auth_export/accounts.json

[90mâ”Œâ”€â”€â”€â”€â”€â”€â”€â”€â”€â”€â”€â”€â”€â”€â”€â”€â”€â”€â”€â”€â”€â”€â”€â”€â”€â”€â”€â”€â”€â”€â”€â”€â”€â”€â”€â”€â”€â”€â”€â”€â”€â”€â”€â”€â”€â”€â”€â”€â”€â”€â”€â”€â”€â”€â”€â”€â”€â”€â”€â”€â”€â”[39m
[90mâ”‚[39m âœ”  All emulators ready! It is now safe to connect your app. [90mâ”‚[39m
[90mâ”‚[39m i  View Emulator UI at http://127.0.0.1:4000/               [90mâ”‚[39m
[90mâ””â”€â”€â”€â”€â”€â”€â”€â”€â”€â”€â”€â”€â”€â”€â”€â”€â”€â”€â”€â”€â”€â”€â”€â”€â”€â”€â”€â”€â”€â”€â”€â”€â”€â”€â”€â”€â”€â”€â”€â”€â”€â”€â”€â”€â”€â”€â”€â”€â”€â”€â”€â”€â”€â”€â”€â”€â”€â”€â”€â”€â”€â”˜[39m

[90mâ”Œâ”€â”€â”€â”€â”€â”€â”€â”€â”€â”€â”€â”€â”€â”€â”€â”€[39m[90mâ”¬â”€â”€â”€â”€â”€â”€â”€â”€â”€â”€â”€â”€â”€â”€â”€â”€[39m[90mâ”¬â”€â”€â”€â”€â”€â”€â”€â”€â”€â”€â”€â”€â”€â”€â”€â”€â”€â”€â”€â”€â”€â”€â”€â”€â”€â”€â”€â”€â”€â”€â”€â”€â”€â”[39m
[90mâ”‚[39m[33m Emulator       [39m[90mâ”‚[39m[33m Host:Port      [39m[90mâ”‚[39m[33m View in Emulator UI             [39m[90mâ”‚[39m
[90mâ”œâ”€â”€â”€â”€â”€â”€â”€â”€â”€â”€â”€â”€â”€â”€â”€â”€[39m[90mâ”¼â”€â”€â”€â”€â”€â”€â”€â”€â”€â”€â”€â”€â”€â”€â”€â”€[39m[90mâ”¼â”€â”€â”€â”€â”€â”€â”€â”€â”€â”€â”€â”€â”€â”€â”€â”€â”€â”€â”€â”€â”€â”€â”€â”€â”€â”€â”€â”€â”€â”€â”€â”€â”€â”¤[39m
[90mâ”‚[39m Authentication [90mâ”‚[39m 127.0.0.1:9099 [90mâ”‚[39m http://127.0.0.1:4000/auth      [90mâ”‚[39m
[90mâ”œâ”€â”€â”€â”€â”€â”€â”€â”€â”€â”€â”€â”€â”€â”€â”€â”€[39m[90mâ”¼â”€â”€â”€â”€â”€â”€â”€â”€â”€â”€â”€â”€â”€â”€â”€â”€[39m[90mâ”¼â”€â”€â”€â”€â”€â”€â”€â”€â”€â”€â”€â”€â”€â”€â”€â”€â”€â”€â”€â”€â”€â”€â”€â”€â”€â”€â”€â”€â”€â”€â”€â”€â”€â”¤[39m
[90mâ”‚[39m Firestore      [90mâ”‚[39m 127.0.0.1:8080 [90mâ”‚[39m http://127.0.0.1:4000/firestore [90mâ”‚[39m
[90mâ”œâ”€â”€â”€â”€â”€â”€â”€â”€â”€â”€â”€â”€â”€â”€â”€â”€[39m[90mâ”¼â”€â”€â”€â”€â”€â”€â”€â”€â”€â”€â”€â”€â”€â”€â”€â”€[39m[90mâ”¼â”€â”€â”€â”€â”€â”€â”€â”€â”€â”€â”€â”€â”€â”€â”€â”€â”€â”€â”€â”€â”€â”€â”€â”€â”€â”€â”€â”€â”€â”€â”€â”€â”€â”¤[39m
[90mâ”‚[39m Storage        [90mâ”‚[39m 127.0.0.1:9199 [90mâ”‚[39m http://127.0.0.1:4000/storage   [90mâ”‚[39m
[90mâ””â”€â”€â”€â”€â”€â”€â”€â”€â”€â”€â”€â”€â”€â”€â”€â”€[39m[90mâ”´â”€â”€â”€â”€â”€â”€â”€â”€â”€â”€â”€â”€â”€â”€â”€â”€[39m[90mâ”´â”€â”€â”€â”€â”€â”€â”€â”€â”€â”€â”€â”€â”€â”€â”€â”€â”€â”€â”€â”€â”€â”€â”€â”€â”€â”€â”€â”€â”€â”€â”€â”€â”€â”˜[39m
  Emulator Hub host: 127.0.0.1 port: 4400
  Other reserved ports: 4500, 9150

Issues? Report them at https://github.com/firebase/firebase-tools/issues and attach the *-debug.log files.
 
[firebase-emulators] project=splitex-local import=/Users/vkarkhanis/workspace/Splitex/splitex-rush/.firebase/emulator-data
(node:74387) [DEP0040] DeprecationWarning: The `punycode` module is deprecated. Please use a userland alternative instead.
(Use `node --trace-deprecation ...` to show where the warning was created)
âš   emulators: You are not currently authenticated so some features may not work correctly. Please run firebase login to authenticate the CLI.
i  emulators: Starting emulators: auth, firestore, storage
âš   ui: Port 4000 is not open on 127.0.0.1, could not start Emulator UI.
âš   ui: To select a different host/port, specify that host/port in a firebase.json config file:
      {
        // ...
        "emulators": {
          "ui": {
            "host": "HOST",
            "port": "PORT"
          }
        }
      }
âš   auth: Port 9099 is not open on 127.0.0.1, could not start Authentication Emulator.
âš   auth: To select a different host/port, specify that host/port in a firebase.json config file:
      {
        // ...
        "emulators": {
          "auth": {
            "host": "HOST",
            "port": "PORT"
          }
        }
      }
âš   firestore: Port 8080 is not open on 127.0.0.1, could not start Firestore Emulator.
âš   firestore: To select a different host/port, specify that host/port in a firebase.json config file:
      {
        // ...
        "emulators": {
          "firestore": {
            "host": "HOST",
            "port": "PORT"
          }
        }
      }
âš   storage: Port 9199 is not open on 127.0.0.1, could not start Storage Emulator.
âš   storage: To select a different host/port, specify that host/port in a firebase.json config file:
      {
        // ...
        "emulators": {
          "storage": {
            "host": "HOST",
            "port": "PORT"
          }
        }
      }
âš   hub: emulator hub unable to start on port 4400, starting on 4401 instead.
âš   logging: Logging Emulator unable to start on port 4500, starting on 4501 instead.
i  emulators: Shutting down emulators.

Error: Could not start Emulator UI, port taken.
 
i  emulators: Received SIGTERM for the first time. Starting a clean shutdown.
i  emulators: Please wait for a clean shutdown or send the SIGTERM signal again to stop right now.
i  Automatically exporting data using --export-on-exit "/Users/vkarkhanis/workspace/Splitex/splitex-rush/.firebase/emulator-data" please wait for the export to finish...
i  Found running emulator hub for project splitex-local at http://127.0.0.1:4400
i  Exporting data to: /Users/vkarkhanis/workspace/Splitex/splitex-rush/.firebase/emulator-data
i  emulators: Received export request. Exporting data to /Users/vkarkhanis/workspace/Splitex/splitex-rush/.firebase/emulator-data.
âœ”  emulators: Export complete.
âœ”  Export complete
i  emulators: Shutting down emulators.
i  ui: Stopping Emulator UI
i  firestore: Stopping Firestore Emulator
i  auth: Stopping Authentication Emulator
i  storage: Stopping Storage Emulator
i  hub: Stopping emulator hub
i  logging: Stopping Logging Emulator
[firebase-emulators] project=splitex-local import=/Users/vkarkhanis/workspace/Splitex/splitex-rush/.firebase/emulator-data
(node:74641) [DEP0040] DeprecationWarning: The `punycode` module is deprecated. Please use a userland alternative instead.
(Use `node --trace-deprecation ...` to show where the warning was created)
âš   emulators: You are not currently authenticated so some features may not work correctly. Please run firebase login to authenticate the CLI.
i  emulators: Starting emulators: auth, firestore, storage
i  firestore: Importing data from /Users/vkarkhanis/workspace/Splitex/splitex-rush/.firebase/emulator-data/firestore_export/firestore_export.overall_export_metadata
i  firestore: Firestore Emulator logging to firestore-debug.log
âœ”  firestore: Firestore Emulator UI websocket is running on 9150.
(node:74641) [DEP0169] DeprecationWarning: `url.parse()` behavior is not standardized and prone to errors that have security implications. Use the WHATWG URL API instead. CVEs are not issued for `url.parse()` vulnerabilities.
i  auth: Importing config from /Users/vkarkhanis/workspace/Splitex/splitex-rush/.firebase/emulator-data/auth_export/config.json
i  auth: Importing accounts from /Users/vkarkhanis/workspace/Splitex/splitex-rush/.firebase/emulator-data/auth_export/accounts.json

[90mâ”Œâ”€â”€â”€â”€â”€â”€â”€â”€â”€â”€â”€â”€â”€â”€â”€â”€â”€â”€â”€â”€â”€â”€â”€â”€â”€â”€â”€â”€â”€â”€â”€â”€â”€â”€â”€â”€â”€â”€â”€â”€â”€â”€â”€â”€â”€â”€â”€â”€â”€â”€â”€â”€â”€â”€â”€â”€â”€â”€â”€â”€â”€â”[39m
[90mâ”‚[39m âœ”  All emulators ready! It is now safe to connect your app. [90mâ”‚[39m
[90mâ”‚[39m i  View Emulator UI at http://127.0.0.1:4000/               [90mâ”‚[39m
[90mâ””â”€â”€â”€â”€â”€â”€â”€â”€â”€â”€â”€â”€â”€â”€â”€â”€â”€â”€â”€â”€â”€â”€â”€â”€â”€â”€â”€â”€â”€â”€â”€â”€â”€â”€â”€â”€â”€â”€â”€â”€â”€â”€â”€â”€â”€â”€â”€â”€â”€â”€â”€â”€â”€â”€â”€â”€â”€â”€â”€â”€â”€â”˜[39m

[90mâ”Œâ”€â”€â”€â”€â”€â”€â”€â”€â”€â”€â”€â”€â”€â”€â”€â”€[39m[90mâ”¬â”€â”€â”€â”€â”€â”€â”€â”€â”€â”€â”€â”€â”€â”€â”€â”€[39m[90mâ”¬â”€â”€â”€â”€â”€â”€â”€â”€â”€â”€â”€â”€â”€â”€â”€â”€â”€â”€â”€â”€â”€â”€â”€â”€â”€â”€â”€â”€â”€â”€â”€â”€â”€â”[39m
[90mâ”‚[39m[33m Emulator       [39m[90mâ”‚[39m[33m Host:Port      [39m[90mâ”‚[39m[33m View in Emulator UI             [39m[90mâ”‚[39m
[90mâ”œâ”€â”€â”€â”€â”€â”€â”€â”€â”€â”€â”€â”€â”€â”€â”€â”€[39m[90mâ”¼â”€â”€â”€â”€â”€â”€â”€â”€â”€â”€â”€â”€â”€â”€â”€â”€[39m[90mâ”¼â”€â”€â”€â”€â”€â”€â”€â”€â”€â”€â”€â”€â”€â”€â”€â”€â”€â”€â”€â”€â”€â”€â”€â”€â”€â”€â”€â”€â”€â”€â”€â”€â”€â”¤[39m
[90mâ”‚[39m Authentication [90mâ”‚[39m 127.0.0.1:9099 [90mâ”‚[39m http://127.0.0.1:4000/auth      [90mâ”‚[39m
[90mâ”œâ”€â”€â”€â”€â”€â”€â”€â”€â”€â”€â”€â”€â”€â”€â”€â”€[39m[90mâ”¼â”€â”€â”€â”€â”€â”€â”€â”€â”€â”€â”€â”€â”€â”€â”€â”€[39m[90mâ”¼â”€â”€â”€â”€â”€â”€â”€â”€â”€â”€â”€â”€â”€â”€â”€â”€â”€â”€â”€â”€â”€â”€â”€â”€â”€â”€â”€â”€â”€â”€â”€â”€â”€â”¤[39m
[90mâ”‚[39m Firestore      [90mâ”‚[39m 127.0.0.1:8080 [90mâ”‚[39m http://127.0.0.1:4000/firestore [90mâ”‚[39m
[90mâ”œâ”€â”€â”€â”€â”€â”€â”€â”€â”€â”€â”€â”€â”€â”€â”€â”€[39m[90mâ”¼â”€â”€â”€â”€â”€â”€â”€â”€â”€â”€â”€â”€â”€â”€â”€â”€[39m[90mâ”¼â”€â”€â”€â”€â”€â”€â”€â”€â”€â”€â”€â”€â”€â”€â”€â”€â”€â”€â”€â”€â”€â”€â”€â”€â”€â”€â”€â”€â”€â”€â”€â”€â”€â”¤[39m
[90mâ”‚[39m Storage        [90mâ”‚[39m 127.0.0.1:9199 [90mâ”‚[39m http://127.0.0.1:4000/storage   [90mâ”‚[39m
[90mâ””â”€â”€â”€â”€â”€â”€â”€â”€â”€â”€â”€â”€â”€â”€â”€â”€[39m[90mâ”´â”€â”€â”€â”€â”€â”€â”€â”€â”€â”€â”€â”€â”€â”€â”€â”€[39m[90mâ”´â”€â”€â”€â”€â”€â”€â”€â”€â”€â”€â”€â”€â”€â”€â”€â”€â”€â”€â”€â”€â”€â”€â”€â”€â”€â”€â”€â”€â”€â”€â”€â”€â”€â”˜[39m
  Emulator Hub host: 127.0.0.1 port: 4400
  Other reserved ports: 4500, 9150

Issues? Report them at https://github.com/firebase/firebase-tools/issues and attach the *-debug.log files.
 
 
i  emulators: Received SIGTERM for the first time. Starting a clean shutdown.
i  emulators: Please wait for a clean shutdown or send the SIGTERM signal again to stop right now.
i  Automatically exporting data using --export-on-exit "/Users/vkarkhanis/workspace/Splitex/splitex-rush/.firebase/emulator-data" please wait for the export to finish...
i  Found running emulator hub for project splitex-local at http://127.0.0.1:4400
i  Exporting data to: /Users/vkarkhanis/workspace/Splitex/splitex-rush/.firebase/emulator-data
i  emulators: Received export request. Exporting data to /Users/vkarkhanis/workspace/Splitex/splitex-rush/.firebase/emulator-data.
âœ”  emulators: Export complete.
âœ”  Export complete
i  emulators: Shutting down emulators.
i  ui: Stopping Emulator UI
i  firestore: Stopping Firestore Emulator
i  auth: Stopping Authentication Emulator
i  storage: Stopping Storage Emulator
i  hub: Stopping emulator hub
i  logging: Stopping Logging Emulator
[firebase-emulators] project=splitex-local import=/Users/vkarkhanis/workspace/Splitex/splitex-rush/.firebase/emulator-data
(node:77696) [DEP0040] DeprecationWarning: The `punycode` module is deprecated. Please use a userland alternative instead.
(Use `node --trace-deprecation ...` to show where the warning was created)
âš   emulators: You are not currently authenticated so some features may not work correctly. Please run firebase login to authenticate the CLI.
i  emulators: Starting emulators: auth, firestore, storage
i  firestore: Importing data from /Users/vkarkhanis/workspace/Splitex/splitex-rush/.firebase/emulator-data/firestore_export/firestore_export.overall_export_metadata
i  firestore: Firestore Emulator logging to firestore-debug.log
âœ”  firestore: Firestore Emulator UI websocket is running on 9150.
(node:77696) [DEP0169] DeprecationWarning: `url.parse()` behavior is not standardized and prone to errors that have security implications. Use the WHATWG URL API instead. CVEs are not issued for `url.parse()` vulnerabilities.
i  auth: Importing config from /Users/vkarkhanis/workspace/Splitex/splitex-rush/.firebase/emulator-data/auth_export/config.json
i  auth: Importing accounts from /Users/vkarkhanis/workspace/Splitex/splitex-rush/.firebase/emulator-data/auth_export/accounts.json

[90mâ”Œâ”€â”€â”€â”€â”€â”€â”€â”€â”€â”€â”€â”€â”€â”€â”€â”€â”€â”€â”€â”€â”€â”€â”€â”€â”€â”€â”€â”€â”€â”€â”€â”€â”€â”€â”€â”€â”€â”€â”€â”€â”€â”€â”€â”€â”€â”€â”€â”€â”€â”€â”€â”€â”€â”€â”€â”€â”€â”€â”€â”€â”€â”[39m
[90mâ”‚[39m âœ”  All emulators ready! It is now safe to connect your app. [90mâ”‚[39m
[90mâ”‚[39m i  View Emulator UI at http://127.0.0.1:4000/               [90mâ”‚[39m
[90mâ””â”€â”€â”€â”€â”€â”€â”€â”€â”€â”€â”€â”€â”€â”€â”€â”€â”€â”€â”€â”€â”€â”€â”€â”€â”€â”€â”€â”€â”€â”€â”€â”€â”€â”€â”€â”€â”€â”€â”€â”€â”€â”€â”€â”€â”€â”€â”€â”€â”€â”€â”€â”€â”€â”€â”€â”€â”€â”€â”€â”€â”€â”˜[39m

[90mâ”Œâ”€â”€â”€â”€â”€â”€â”€â”€â”€â”€â”€â”€â”€â”€â”€â”€[39m[90mâ”¬â”€â”€â”€â”€â”€â”€â”€â”€â”€â”€â”€â”€â”€â”€â”€â”€[39m[90mâ”¬â”€â”€â”€â”€â”€â”€â”€â”€â”€â”€â”€â”€â”€â”€â”€â”€â”€â”€â”€â”€â”€â”€â”€â”€â”€â”€â”€â”€â”€â”€â”€â”€â”€â”[39m
[90mâ”‚[39m[33m Emulator       [39m[90mâ”‚[39m[33m Host:Port      [39m[90mâ”‚[39m[33m View in Emulator UI             [39m[90mâ”‚[39m
[90mâ”œâ”€â”€â”€â”€â”€â”€â”€â”€â”€â”€â”€â”€â”€â”€â”€â”€[39m[90mâ”¼â”€â”€â”€â”€â”€â”€â”€â”€â”€â”€â”€â”€â”€â”€â”€â”€[39m[90mâ”¼â”€â”€â”€â”€â”€â”€â”€â”€â”€â”€â”€â”€â”€â”€â”€â”€â”€â”€â”€â”€â”€â”€â”€â”€â”€â”€â”€â”€â”€â”€â”€â”€â”€â”¤[39m
[90mâ”‚[39m Authentication [90mâ”‚[39m 127.0.0.1:9099 [90mâ”‚[39m http://127.0.0.1:4000/auth      [90mâ”‚[39m
[90mâ”œâ”€â”€â”€â”€â”€â”€â”€â”€â”€â”€â”€â”€â”€â”€â”€â”€[39m[90mâ”¼â”€â”€â”€â”€â”€â”€â”€â”€â”€â”€â”€â”€â”€â”€â”€â”€[39m[90mâ”¼â”€â”€â”€â”€â”€â”€â”€â”€â”€â”€â”€â”€â”€â”€â”€â”€â”€â”€â”€â”€â”€â”€â”€â”€â”€â”€â”€â”€â”€â”€â”€â”€â”€â”¤[39m
[90mâ”‚[39m Firestore      [90mâ”‚[39m 127.0.0.1:8080 [90mâ”‚[39m http://127.0.0.1:4000/firestore [90mâ”‚[39m
[90mâ”œâ”€â”€â”€â”€â”€â”€â”€â”€â”€â”€â”€â”€â”€â”€â”€â”€[39m[90mâ”¼â”€â”€â”€â”€â”€â”€â”€â”€â”€â”€â”€â”€â”€â”€â”€â”€[39m[90mâ”¼â”€â”€â”€â”€â”€â”€â”€â”€â”€â”€â”€â”€â”€â”€â”€â”€â”€â”€â”€â”€â”€â”€â”€â”€â”€â”€â”€â”€â”€â”€â”€â”€â”€â”¤[39m
[90mâ”‚[39m Storage        [90mâ”‚[39m 127.0.0.1:9199 [90mâ”‚[39m http://127.0.0.1:4000/storage   [90mâ”‚[39m
[90mâ””â”€â”€â”€â”€â”€â”€â”€â”€â”€â”€â”€â”€â”€â”€â”€â”€[39m[90mâ”´â”€â”€â”€â”€â”€â”€â”€â”€â”€â”€â”€â”€â”€â”€â”€â”€[39m[90mâ”´â”€â”€â”€â”€â”€â”€â”€â”€â”€â”€â”€â”€â”€â”€â”€â”€â”€â”€â”€â”€â”€â”€â”€â”€â”€â”€â”€â”€â”€â”€â”€â”€â”€â”˜[39m
  Emulator Hub host: 127.0.0.1 port: 4400
  Other reserved ports: 4500, 9150

Issues? Report them at https://github.com/firebase/firebase-tools/issues and attach the *-debug.log files.
 
 
i  emulators: Received SIGTERM for the first time. Starting a clean shutdown.
i  emulators: Please wait for a clean shutdown or send the SIGTERM signal again to stop right now.
i  Automatically exporting data using --export-on-exit "/Users/vkarkhanis/workspace/Splitex/splitex-rush/.firebase/emulator-data" please wait for the export to finish...
i  Found running emulator hub for project splitex-local at http://127.0.0.1:4400
i  Exporting data to: /Users/vkarkhanis/workspace/Splitex/splitex-rush/.firebase/emulator-data
i  emulators: Received export request. Exporting data to /Users/vkarkhanis/workspace/Splitex/splitex-rush/.firebase/emulator-data.
âœ”  emulators: Export complete.
âœ”  Export complete
i  emulators: Shutting down emulators.
i  ui: Stopping Emulator UI
i  firestore: Stopping Firestore Emulator
i  auth: Stopping Authentication Emulator
i  storage: Stopping Storage Emulator
i  hub: Stopping emulator hub
i  logging: Stopping Logging Emulator
[firebase-emulators] project=splitex-local import=/Users/vkarkhanis/workspace/Splitex/splitex-rush/.firebase/emulator-data
(node:81632) [DEP0040] DeprecationWarning: The `punycode` module is deprecated. Please use a userland alternative instead.
(Use `node --trace-deprecation ...` to show where the warning was created)
âš   emulators: You are not currently authenticated so some features may not work correctly. Please run firebase login to authenticate the CLI.
i  emulators: Starting emulators: auth, firestore, storage
i  firestore: Importing data from /Users/vkarkhanis/workspace/Splitex/splitex-rush/.firebase/emulator-data/firestore_export/firestore_export.overall_export_metadata
i  firestore: Firestore Emulator logging to firestore-debug.log
âœ”  firestore: Firestore Emulator UI websocket is running on 9150.
(node:81632) [DEP0169] DeprecationWarning: `url.parse()` behavior is not standardized and prone to errors that have security implications. Use the WHATWG URL API instead. CVEs are not issued for `url.parse()` vulnerabilities.
i  auth: Importing config from /Users/vkarkhanis/workspace/Splitex/splitex-rush/.firebase/emulator-data/auth_export/config.json
i  auth: Importing accounts from /Users/vkarkhanis/workspace/Splitex/splitex-rush/.firebase/emulator-data/auth_export/accounts.json

[90mâ”Œâ”€â”€â”€â”€â”€â”€â”€â”€â”€â”€â”€â”€â”€â”€â”€â”€â”€â”€â”€â”€â”€â”€â”€â”€â”€â”€â”€â”€â”€â”€â”€â”€â”€â”€â”€â”€â”€â”€â”€â”€â”€â”€â”€â”€â”€â”€â”€â”€â”€â”€â”€â”€â”€â”€â”€â”€â”€â”€â”€â”€â”€â”[39m
[90mâ”‚[39m âœ”  All emulators ready! It is now safe to connect your app. [90mâ”‚[39m
[90mâ”‚[39m i  View Emulator UI at http://127.0.0.1:4000/               [90mâ”‚[39m
[90mâ””â”€â”€â”€â”€â”€â”€â”€â”€â”€â”€â”€â”€â”€â”€â”€â”€â”€â”€â”€â”€â”€â”€â”€â”€â”€â”€â”€â”€â”€â”€â”€â”€â”€â”€â”€â”€â”€â”€â”€â”€â”€â”€â”€â”€â”€â”€â”€â”€â”€â”€â”€â”€â”€â”€â”€â”€â”€â”€â”€â”€â”€â”˜[39m

[90mâ”Œâ”€â”€â”€â”€â”€â”€â”€â”€â”€â”€â”€â”€â”€â”€â”€â”€[39m[90mâ”¬â”€â”€â”€â”€â”€â”€â”€â”€â”€â”€â”€â”€â”€â”€â”€â”€[39m[90mâ”¬â”€â”€â”€â”€â”€â”€â”€â”€â”€â”€â”€â”€â”€â”€â”€â”€â”€â”€â”€â”€â”€â”€â”€â”€â”€â”€â”€â”€â”€â”€â”€â”€â”€â”[39m
[90mâ”‚[39m[33m Emulator       [39m[90mâ”‚[39m[33m Host:Port      [39m[90mâ”‚[39m[33m View in Emulator UI             [39m[90mâ”‚[39m
[90mâ”œâ”€â”€â”€â”€â”€â”€â”€â”€â”€â”€â”€â”€â”€â”€â”€â”€[39m[90mâ”¼â”€â”€â”€â”€â”€â”€â”€â”€â”€â”€â”€â”€â”€â”€â”€â”€[39m[90mâ”¼â”€â”€â”€â”€â”€â”€â”€â”€â”€â”€â”€â”€â”€â”€â”€â”€â”€â”€â”€â”€â”€â”€â”€â”€â”€â”€â”€â”€â”€â”€â”€â”€â”€â”¤[39m
[90mâ”‚[39m Authentication [90mâ”‚[39m 127.0.0.1:9099 [90mâ”‚[39m http://127.0.0.1:4000/auth      [90mâ”‚[39m
[90mâ”œâ”€â”€â”€â”€â”€â”€â”€â”€â”€â”€â”€â”€â”€â”€â”€â”€[39m[90mâ”¼â”€â”€â”€â”€â”€â”€â”€â”€â”€â”€â”€â”€â”€â”€â”€â”€[39m[90mâ”¼â”€â”€â”€â”€â”€â”€â”€â”€â”€â”€â”€â”€â”€â”€â”€â”€â”€â”€â”€â”€â”€â”€â”€â”€â”€â”€â”€â”€â”€â”€â”€â”€â”€â”¤[39m
[90mâ”‚[39m Firestore      [90mâ”‚[39m 127.0.0.1:8080 [90mâ”‚[39m http://127.0.0.1:4000/firestore [90mâ”‚[39m
[90mâ”œâ”€â”€â”€â”€â”€â”€â”€â”€â”€â”€â”€â”€â”€â”€â”€â”€[39m[90mâ”¼â”€â”€â”€â”€â”€â”€â”€â”€â”€â”€â”€â”€â”€â”€â”€â”€[39m[90mâ”¼â”€â”€â”€â”€â”€â”€â”€â”€â”€â”€â”€â”€â”€â”€â”€â”€â”€â”€â”€â”€â”€â”€â”€â”€â”€â”€â”€â”€â”€â”€â”€â”€â”€â”¤[39m
[90mâ”‚[39m Storage        [90mâ”‚[39m 127.0.0.1:9199 [90mâ”‚[39m http://127.0.0.1:4000/storage   [90mâ”‚[39m
[90mâ””â”€â”€â”€â”€â”€â”€â”€â”€â”€â”€â”€â”€â”€â”€â”€â”€[39m[90mâ”´â”€â”€â”€â”€â”€â”€â”€â”€â”€â”€â”€â”€â”€â”€â”€â”€[39m[90mâ”´â”€â”€â”€â”€â”€â”€â”€â”€â”€â”€â”€â”€â”€â”€â”€â”€â”€â”€â”€â”€â”€â”€â”€â”€â”€â”€â”€â”€â”€â”€â”€â”€â”€â”˜[39m
  Emulator Hub host: 127.0.0.1 port: 4400
  Other reserved ports: 4500, 9150

Issues? Report them at https://github.com/firebase/firebase-tools/issues and attach the *-debug.log files.
 
 
i  emulators: Received SIGTERM for the first time. Starting a clean shutdown.
i  emulators: Please wait for a clean shutdown or send the SIGTERM signal again to stop right now.
i  Automatically exporting data using --export-on-exit "/Users/vkarkhanis/workspace/Splitex/splitex-rush/.firebase/emulator-data" please wait for the export to finish...
i  Found running emulator hub for project splitex-local at http://127.0.0.1:4400
i  Exporting data to: /Users/vkarkhanis/workspace/Splitex/splitex-rush/.firebase/emulator-data
i  emulators: Received export request. Exporting data to /Users/vkarkhanis/workspace/Splitex/splitex-rush/.firebase/emulator-data.
âœ”  emulators: Export complete.
âœ”  Export complete
i  emulators: Shutting down emulators.
i  ui: Stopping Emulator UI
i  firestore: Stopping Firestore Emulator
i  auth: Stopping Authentication Emulator
i  storage: Stopping Storage Emulator
i  hub: Stopping emulator hub
i  logging: Stopping Logging Emulator
